# JRE version: OpenJDK Runtime Environment (11.0.4+11) (build 11.0.4+11-post-Ubuntu-1ubuntu219.04)
# Java VM: OpenJDK 64-Bit Server VM (11.0.4+11-post-Ubuntu-1ubuntu219.04, mixed mode, sharing, tiered, compressed oops, g1 gc, linux-amd64)
Heap:
 garbage-first heap   total 1073152K, used 52643K [0x0000000084800000, 0x0000000100000000)
  region size 1024K, 1 young (1024K), 1 survivors (1024K)
 Metaspace       used 35941K, capacity 36983K, committed 37504K, reserved 1083392K
  class space    used 4021K, capacity 4401K, committed 4480K, reserved 1048576K
GC Heap History (10 events):
Event: 9,426 GC heap after
{Heap after GC invocations=40 (full 0):
 garbage-first heap   total 438272K, used 52643K [0x0000000084800000, 0x0000000100000000)
  region size 1024K, 1 young (1024K), 1 survivors (1024K)
 Metaspace       used 35941K, capacity 36983K, committed 37504K, reserved 1083392K
  class space    used 4021K, capacity 4401K, committed 4480K, reserved 1048576K
}
Event: 9,699 GC heap before
{Heap before GC invocations=40 (full 0):
 garbage-first heap   total 438272K, used 313763K [0x0000000084800000, 0x0000000100000000)
  region size 1024K, 256 young (262144K), 1 survivors (1024K)
 Metaspace       used 35941K, capacity 36983K, committed 37504K, reserved 1083392K
  class space    used 4021K, capacity 4401K, committed 4480K, reserved 1048576K
}
Event: 9,785 GC heap after
{Heap after GC invocations=41 (full 0):
 garbage-first heap   total 438272K, used 52643K [0x0000000084800000, 0x0000000100000000)
  region size 1024K, 1 young (1024K), 1 survivors (1024K)
 Metaspace       used 35941K, capacity 36983K, committed 37504K, reserved 1083392K
  class space    used 4021K, capacity 4401K, committed 4480K, reserved 1048576K
}
Event: 10,093 GC heap before
{Heap before GC invocations=41 (full 0):
 garbage-first heap   total 438272K, used 313763K [0x0000000084800000, 0x0000000100000000)
  region size 1024K, 256 young (262144K), 1 survivors (1024K)
 Metaspace       used 35941K, capacity 36983K, committed 37504K, reserved 1083392K
  class space    used 4021K, capacity 4401K, committed 4480K, reserved 1048576K
}
Event: 10,166 GC heap after
{Heap after GC invocations=42 (full 0):
 garbage-first heap   total 438272K, used 52643K [0x0000000084800000, 0x0000000100000000)
  region size 1024K, 1 young (1024K), 1 survivors (1024K)
 Metaspace       used 35941K, capacity 36983K, committed 37504K, reserved 1083392K
  class space    used 4021K, capacity 4401K, committed 4480K, reserved 1048576K
}
Event: 10,394 GC heap before
{Heap before GC invocations=42 (full 0):
 garbage-first heap   total 438272K, used 313763K [0x0000000084800000, 0x0000000100000000)
  region size 1024K, 256 young (262144K), 1 survivors (1024K)
 Metaspace       used 35941K, capacity 36983K, committed 37504K, reserved 1083392K
  class space    used 4021K, capacity 4401K, committed 4480K, reserved 1048576K
}
Event: 10,508 GC heap after
{Heap after GC invocations=43 (full 0):
 garbage-first heap   total 438272K, used 52643K [0x0000000084800000, 0x0000000100000000)
  region size 1024K, 1 young (1024K), 1 survivors (1024K)
 Metaspace       used 35941K, capacity 36983K, committed 37504K, reserved 1083392K
  class space    used 4021K, capacity 4401K, committed 4480K, reserved 1048576K
}
Event: 10,770 GC heap before
{Heap before GC invocations=43 (full 0):
 garbage-first heap   total 438272K, used 313763K [0x0000000084800000, 0x0000000100000000)
  region size 1024K, 256 young (262144K), 1 survivors (1024K)
 Metaspace       used 35941K, capacity 36983K, committed 37504K, reserved 1083392K
  class space    used 4021K, capacity 4401K, committed 4480K, reserved 1048576K
}
Event: 10,829 GC heap after
{Heap after GC invocations=44 (full 0):
 garbage-first heap   total 438272K, used 52641K [0x0000000084800000, 0x0000000100000000)
  region size 1024K, 0 young (0K), 0 survivors (0K)
 Metaspace       used 35941K, capacity 36983K, committed 37504K, reserved 1083392K
  class space    used 4021K, capacity 4401K, committed 4480K, reserved 1048576K
}
Event: 11,091 GC heap before
{Heap before GC invocations=44 (full 0):
 garbage-first heap   total 438272K, used 314785K [0x0000000084800000, 0x0000000100000000)
  region size 1024K, 256 young (262144K), 0 survivors (0K)
 Metaspace       used 35941K, capacity 36983K, committed 37504K, reserved 1083392K
  class space    used 4021K, capacity 4401K, committed 4480K, reserved 1048576K
}

